<?xml version="1.0" encoding="UTF-8"?>
<testsuite xmlns:xsi="http://www.w3.org/2001/XMLSchema-instance" xsi:noNamespaceSchemaLocation="https://maven.apache.org/surefire/maven-surefire-plugin/xsd/surefire-test-report.xsd" name="com.laozhu.MicroserviceCloud02ApiApplicationTests" time="1.229" tests="1" errors="0" skipped="0" failures="0">
  <properties>
    <property name="sun.desktop" value="windows"/>
    <property name="awt.toolkit" value="sun.awt.windows.WToolkit"/>
    <property name="file.encoding.pkg" value="sun.io"/>
    <property name="java.specification.version" value="1.8"/>
    <property name="sun.cpu.isalist" value="amd64"/>
    <property name="sun.jnu.encoding" value="GBK"/>
    <property name="java.class.path" value="E:\IdeaProject\springCloud\microservice-cloud-02-api\target\test-classes;E:\IdeaProject\springCloud\microservice-cloud-02-api\target\classes;F:\mavenrepo\repository\org\springframework\cloud\spring-cloud-context\2.1.4.RELEASE\spring-cloud-context-2.1.4.RELEASE.jar;F:\mavenrepo\repository\org\springframework\security\spring-security-crypto\5.1.7.RELEASE\spring-security-crypto-5.1.7.RELEASE.jar;F:\mavenrepo\repository\com\alibaba\druid\1.1.12\druid-1.1.12.jar;F:\mavenrepo\repository\mysql\mysql-connector-java\8.0.13\mysql-connector-java-8.0.13.jar;F:\mavenrepo\repository\org\apache\commons\commons-lang3\3.4\commons-lang3-3.4.jar;F:\mavenrepo\repository\com\baomidou\mybatis-plus\3.3.0\mybatis-plus-3.3.0.jar;F:\mavenrepo\repository\com\baomidou\mybatis-plus-extension\3.3.0\mybatis-plus-extension-3.3.0.jar;F:\mavenrepo\repository\com\baomidou\mybatis-plus-core\3.3.0\mybatis-plus-core-3.3.0.jar;F:\mavenrepo\repository\com\baomidou\mybatis-plus-annotation\3.3.0\mybatis-plus-annotation-3.3.0.jar;F:\mavenrepo\repository\com\github\jsqlparser\jsqlparser\3.1\jsqlparser-3.1.jar;F:\mavenrepo\repository\org\mybatis\mybatis\3.5.3\mybatis-3.5.3.jar;F:\mavenrepo\repository\org\mybatis\mybatis-spring\2.0.3\mybatis-spring-2.0.3.jar;F:\mavenrepo\repository\com\spring4all\swagger-spring-boot-starter\1.7.0.RELEASE\swagger-spring-boot-starter-1.7.0.RELEASE.jar;F:\mavenrepo\repository\io\springfox\springfox-swagger-ui\2.8.0\springfox-swagger-ui-2.8.0.jar;F:\mavenrepo\repository\io\springfox\springfox-spring-web\2.8.0\springfox-spring-web-2.8.0.jar;F:\mavenrepo\repository\org\reflections\reflections\0.9.11\reflections-0.9.11.jar;F:\mavenrepo\repository\org\javassist\javassist\3.21.0-GA\javassist-3.21.0-GA.jar;F:\mavenrepo\repository\io\springfox\springfox-swagger2\2.8.0\springfox-swagger2-2.8.0.jar;F:\mavenrepo\repository\io\swagger\swagger-annotations\1.5.14\swagger-annotations-1.5.14.jar;F:\mavenrepo\repository\io\swagger\swagger-models\1.5.14\swagger-models-1.5.14.jar;F:\mavenrepo\repository\com\fasterxml\jackson\core\jackson-annotations\2.9.10\jackson-annotations-2.9.10.jar;F:\mavenrepo\repository\io\springfox\springfox-spi\2.8.0\springfox-spi-2.8.0.jar;F:\mavenrepo\repository\io\springfox\springfox-core\2.8.0\springfox-core-2.8.0.jar;F:\mavenrepo\repository\io\springfox\springfox-schema\2.8.0\springfox-schema-2.8.0.jar;F:\mavenrepo\repository\io\springfox\springfox-swagger-common\2.8.0\springfox-swagger-common-2.8.0.jar;F:\mavenrepo\repository\com\google\guava\guava\20.0\guava-20.0.jar;F:\mavenrepo\repository\com\fasterxml\classmate\1.4.0\classmate-1.4.0.jar;F:\mavenrepo\repository\org\slf4j\slf4j-api\1.7.29\slf4j-api-1.7.29.jar;F:\mavenrepo\repository\org\springframework\plugin\spring-plugin-core\1.2.0.RELEASE\spring-plugin-core-1.2.0.RELEASE.jar;F:\mavenrepo\repository\org\springframework\spring-beans\5.1.11.RELEASE\spring-beans-5.1.11.RELEASE.jar;F:\mavenrepo\repository\org\springframework\spring-aop\5.1.11.RELEASE\spring-aop-5.1.11.RELEASE.jar;F:\mavenrepo\repository\org\springframework\plugin\spring-plugin-metadata\1.2.0.RELEASE\spring-plugin-metadata-1.2.0.RELEASE.jar;F:\mavenrepo\repository\org\mapstruct\mapstruct\1.2.0.Final\mapstruct-1.2.0.Final.jar;F:\mavenrepo\repository\io\springfox\springfox-bean-validators\2.8.0\springfox-bean-validators-2.8.0.jar;F:\mavenrepo\repository\org\apache\velocity\velocity\1.7\velocity-1.7.jar;F:\mavenrepo\repository\commons-collections\commons-collections\3.2.1\commons-collections-3.2.1.jar;F:\mavenrepo\repository\commons-lang\commons-lang\2.4\commons-lang-2.4.jar;F:\mavenrepo\repository\org\freemarker\freemarker\2.3.28\freemarker-2.3.28.jar;F:\mavenrepo\repository\org\projectlombok\lombok\1.18.4\lombok-1.18.4.jar;F:\mavenrepo\repository\org\springframework\boot\spring-boot-starter\2.1.10.RELEASE\spring-boot-starter-2.1.10.RELEASE.jar;F:\mavenrepo\repository\org\springframework\boot\spring-boot\2.1.10.RELEASE\spring-boot-2.1.10.RELEASE.jar;F:\mavenrepo\repository\org\springframework\spring-context\5.1.11.RELEASE\spring-context-5.1.11.RELEASE.jar;F:\mavenrepo\repository\org\springframework\spring-expression\5.1.11.RELEASE\spring-expression-5.1.11.RELEASE.jar;F:\mavenrepo\repository\org\springframework\boot\spring-boot-autoconfigure\2.1.10.RELEASE\spring-boot-autoconfigure-2.1.10.RELEASE.jar;F:\mavenrepo\repository\org\springframework\boot\spring-boot-starter-logging\2.1.10.RELEASE\spring-boot-starter-logging-2.1.10.RELEASE.jar;F:\mavenrepo\repository\ch\qos\logback\logback-classic\1.2.3\logback-classic-1.2.3.jar;F:\mavenrepo\repository\ch\qos\logback\logback-core\1.2.3\logback-core-1.2.3.jar;F:\mavenrepo\repository\org\apache\logging\log4j\log4j-to-slf4j\2.11.2\log4j-to-slf4j-2.11.2.jar;F:\mavenrepo\repository\org\apache\logging\log4j\log4j-api\2.11.2\log4j-api-2.11.2.jar;F:\mavenrepo\repository\org\slf4j\jul-to-slf4j\1.7.29\jul-to-slf4j-1.7.29.jar;F:\mavenrepo\repository\javax\annotation\javax.annotation-api\1.3.2\javax.annotation-api-1.3.2.jar;F:\mavenrepo\repository\org\springframework\spring-core\5.1.11.RELEASE\spring-core-5.1.11.RELEASE.jar;F:\mavenrepo\repository\org\springframework\spring-jcl\5.1.11.RELEASE\spring-jcl-5.1.11.RELEASE.jar;F:\mavenrepo\repository\org\yaml\snakeyaml\1.23\snakeyaml-1.23.jar;F:\mavenrepo\repository\org\springframework\boot\spring-boot-starter-test\2.1.10.RELEASE\spring-boot-starter-test-2.1.10.RELEASE.jar;F:\mavenrepo\repository\org\springframework\boot\spring-boot-test\2.1.10.RELEASE\spring-boot-test-2.1.10.RELEASE.jar;F:\mavenrepo\repository\org\springframework\boot\spring-boot-test-autoconfigure\2.1.10.RELEASE\spring-boot-test-autoconfigure-2.1.10.RELEASE.jar;F:\mavenrepo\repository\com\jayway\jsonpath\json-path\2.4.0\json-path-2.4.0.jar;F:\mavenrepo\repository\net\minidev\json-smart\2.3\json-smart-2.3.jar;F:\mavenrepo\repository\net\minidev\accessors-smart\1.2\accessors-smart-1.2.jar;F:\mavenrepo\repository\org\ow2\asm\asm\5.0.4\asm-5.0.4.jar;F:\mavenrepo\repository\junit\junit\4.12\junit-4.12.jar;F:\mavenrepo\repository\org\assertj\assertj-core\3.11.1\assertj-core-3.11.1.jar;F:\mavenrepo\repository\org\mockito\mockito-core\2.23.4\mockito-core-2.23.4.jar;F:\mavenrepo\repository\net\bytebuddy\byte-buddy\1.9.16\byte-buddy-1.9.16.jar;F:\mavenrepo\repository\net\bytebuddy\byte-buddy-agent\1.9.16\byte-buddy-agent-1.9.16.jar;F:\mavenrepo\repository\org\objenesis\objenesis\2.6\objenesis-2.6.jar;F:\mavenrepo\repository\org\hamcrest\hamcrest-core\1.3\hamcrest-core-1.3.jar;F:\mavenrepo\repository\org\hamcrest\hamcrest-library\1.3\hamcrest-library-1.3.jar;F:\mavenrepo\repository\org\skyscreamer\jsonassert\1.5.0\jsonassert-1.5.0.jar;F:\mavenrepo\repository\com\vaadin\external\google\android-json\0.0.20131108.vaadin1\android-json-0.0.20131108.vaadin1.jar;F:\mavenrepo\repository\org\springframework\spring-test\5.1.11.RELEASE\spring-test-5.1.11.RELEASE.jar;F:\mavenrepo\repository\org\xmlunit\xmlunit-core\2.6.3\xmlunit-core-2.6.3.jar;"/>
    <property name="java.vm.vendor" value="Oracle Corporation"/>
    <property name="sun.arch.data.model" value="64"/>
    <property name="user.variant" value=""/>
    <property name="java.vendor.url" value="http://java.oracle.com/"/>
    <property name="user.timezone" value="Asia/Shanghai"/>
    <property name="java.vm.specification.version" value="1.8"/>
    <property name="os.name" value="Windows 8.1"/>
    <property name="user.country" value="CN"/>
    <property name="sun.java.launcher" value="SUN_STANDARD"/>
    <property name="sun.boot.library.path" value="D:\jdk1.8.0_51\jre\bin"/>
    <property name="sun.java.command" value="C:\Users\95489\AppData\Local\Temp\surefire9210076973566711213\surefirebooter6060270759363900394.jar C:\Users\95489\AppData\Local\Temp\surefire9210076973566711213 2020-03-19T17-16-11_489-jvmRun1 surefire8901345482264651887tmp surefire_09121132021570412246tmp"/>
    <property name="surefire.test.class.path" value="E:\IdeaProject\springCloud\microservice-cloud-02-api\target\test-classes;E:\IdeaProject\springCloud\microservice-cloud-02-api\target\classes;F:\mavenrepo\repository\org\springframework\cloud\spring-cloud-context\2.1.4.RELEASE\spring-cloud-context-2.1.4.RELEASE.jar;F:\mavenrepo\repository\org\springframework\security\spring-security-crypto\5.1.7.RELEASE\spring-security-crypto-5.1.7.RELEASE.jar;F:\mavenrepo\repository\com\alibaba\druid\1.1.12\druid-1.1.12.jar;F:\mavenrepo\repository\mysql\mysql-connector-java\8.0.13\mysql-connector-java-8.0.13.jar;F:\mavenrepo\repository\org\apache\commons\commons-lang3\3.4\commons-lang3-3.4.jar;F:\mavenrepo\repository\com\baomidou\mybatis-plus\3.3.0\mybatis-plus-3.3.0.jar;F:\mavenrepo\repository\com\baomidou\mybatis-plus-extension\3.3.0\mybatis-plus-extension-3.3.0.jar;F:\mavenrepo\repository\com\baomidou\mybatis-plus-core\3.3.0\mybatis-plus-core-3.3.0.jar;F:\mavenrepo\repository\com\baomidou\mybatis-plus-annotation\3.3.0\mybatis-plus-annotation-3.3.0.jar;F:\mavenrepo\repository\com\github\jsqlparser\jsqlparser\3.1\jsqlparser-3.1.jar;F:\mavenrepo\repository\org\mybatis\mybatis\3.5.3\mybatis-3.5.3.jar;F:\mavenrepo\repository\org\mybatis\mybatis-spring\2.0.3\mybatis-spring-2.0.3.jar;F:\mavenrepo\repository\com\spring4all\swagger-spring-boot-starter\1.7.0.RELEASE\swagger-spring-boot-starter-1.7.0.RELEASE.jar;F:\mavenrepo\repository\io\springfox\springfox-swagger-ui\2.8.0\springfox-swagger-ui-2.8.0.jar;F:\mavenrepo\repository\io\springfox\springfox-spring-web\2.8.0\springfox-spring-web-2.8.0.jar;F:\mavenrepo\repository\org\reflections\reflections\0.9.11\reflections-0.9.11.jar;F:\mavenrepo\repository\org\javassist\javassist\3.21.0-GA\javassist-3.21.0-GA.jar;F:\mavenrepo\repository\io\springfox\springfox-swagger2\2.8.0\springfox-swagger2-2.8.0.jar;F:\mavenrepo\repository\io\swagger\swagger-annotations\1.5.14\swagger-annotations-1.5.14.jar;F:\mavenrepo\repository\io\swagger\swagger-models\1.5.14\swagger-models-1.5.14.jar;F:\mavenrepo\repository\com\fasterxml\jackson\core\jackson-annotations\2.9.10\jackson-annotations-2.9.10.jar;F:\mavenrepo\repository\io\springfox\springfox-spi\2.8.0\springfox-spi-2.8.0.jar;F:\mavenrepo\repository\io\springfox\springfox-core\2.8.0\springfox-core-2.8.0.jar;F:\mavenrepo\repository\io\springfox\springfox-schema\2.8.0\springfox-schema-2.8.0.jar;F:\mavenrepo\repository\io\springfox\springfox-swagger-common\2.8.0\springfox-swagger-common-2.8.0.jar;F:\mavenrepo\repository\com\google\guava\guava\20.0\guava-20.0.jar;F:\mavenrepo\repository\com\fasterxml\classmate\1.4.0\classmate-1.4.0.jar;F:\mavenrepo\repository\org\slf4j\slf4j-api\1.7.29\slf4j-api-1.7.29.jar;F:\mavenrepo\repository\org\springframework\plugin\spring-plugin-core\1.2.0.RELEASE\spring-plugin-core-1.2.0.RELEASE.jar;F:\mavenrepo\repository\org\springframework\spring-beans\5.1.11.RELEASE\spring-beans-5.1.11.RELEASE.jar;F:\mavenrepo\repository\org\springframework\spring-aop\5.1.11.RELEASE\spring-aop-5.1.11.RELEASE.jar;F:\mavenrepo\repository\org\springframework\plugin\spring-plugin-metadata\1.2.0.RELEASE\spring-plugin-metadata-1.2.0.RELEASE.jar;F:\mavenrepo\repository\org\mapstruct\mapstruct\1.2.0.Final\mapstruct-1.2.0.Final.jar;F:\mavenrepo\repository\io\springfox\springfox-bean-validators\2.8.0\springfox-bean-validators-2.8.0.jar;F:\mavenrepo\repository\org\apache\velocity\velocity\1.7\velocity-1.7.jar;F:\mavenrepo\repository\commons-collections\commons-collections\3.2.1\commons-collections-3.2.1.jar;F:\mavenrepo\repository\commons-lang\commons-lang\2.4\commons-lang-2.4.jar;F:\mavenrepo\repository\org\freemarker\freemarker\2.3.28\freemarker-2.3.28.jar;F:\mavenrepo\repository\org\projectlombok\lombok\1.18.4\lombok-1.18.4.jar;F:\mavenrepo\repository\org\springframework\boot\spring-boot-starter\2.1.10.RELEASE\spring-boot-starter-2.1.10.RELEASE.jar;F:\mavenrepo\repository\org\springframework\boot\spring-boot\2.1.10.RELEASE\spring-boot-2.1.10.RELEASE.jar;F:\mavenrepo\repository\org\springframework\spring-context\5.1.11.RELEASE\spring-context-5.1.11.RELEASE.jar;F:\mavenrepo\repository\org\springframework\spring-expression\5.1.11.RELEASE\spring-expression-5.1.11.RELEASE.jar;F:\mavenrepo\repository\org\springframework\boot\spring-boot-autoconfigure\2.1.10.RELEASE\spring-boot-autoconfigure-2.1.10.RELEASE.jar;F:\mavenrepo\repository\org\springframework\boot\spring-boot-starter-logging\2.1.10.RELEASE\spring-boot-starter-logging-2.1.10.RELEASE.jar;F:\mavenrepo\repository\ch\qos\logback\logback-classic\1.2.3\logback-classic-1.2.3.jar;F:\mavenrepo\repository\ch\qos\logback\logback-core\1.2.3\logback-core-1.2.3.jar;F:\mavenrepo\repository\org\apache\logging\log4j\log4j-to-slf4j\2.11.2\log4j-to-slf4j-2.11.2.jar;F:\mavenrepo\repository\org\apache\logging\log4j\log4j-api\2.11.2\log4j-api-2.11.2.jar;F:\mavenrepo\repository\org\slf4j\jul-to-slf4j\1.7.29\jul-to-slf4j-1.7.29.jar;F:\mavenrepo\repository\javax\annotation\javax.annotation-api\1.3.2\javax.annotation-api-1.3.2.jar;F:\mavenrepo\repository\org\springframework\spring-core\5.1.11.RELEASE\spring-core-5.1.11.RELEASE.jar;F:\mavenrepo\repository\org\springframework\spring-jcl\5.1.11.RELEASE\spring-jcl-5.1.11.RELEASE.jar;F:\mavenrepo\repository\org\yaml\snakeyaml\1.23\snakeyaml-1.23.jar;F:\mavenrepo\repository\org\springframework\boot\spring-boot-starter-test\2.1.10.RELEASE\spring-boot-starter-test-2.1.10.RELEASE.jar;F:\mavenrepo\repository\org\springframework\boot\spring-boot-test\2.1.10.RELEASE\spring-boot-test-2.1.10.RELEASE.jar;F:\mavenrepo\repository\org\springframework\boot\spring-boot-test-autoconfigure\2.1.10.RELEASE\spring-boot-test-autoconfigure-2.1.10.RELEASE.jar;F:\mavenrepo\repository\com\jayway\jsonpath\json-path\2.4.0\json-path-2.4.0.jar;F:\mavenrepo\repository\net\minidev\json-smart\2.3\json-smart-2.3.jar;F:\mavenrepo\repository\net\minidev\accessors-smart\1.2\accessors-smart-1.2.jar;F:\mavenrepo\repository\org\ow2\asm\asm\5.0.4\asm-5.0.4.jar;F:\mavenrepo\repository\junit\junit\4.12\junit-4.12.jar;F:\mavenrepo\repository\org\assertj\assertj-core\3.11.1\assertj-core-3.11.1.jar;F:\mavenrepo\repository\org\mockito\mockito-core\2.23.4\mockito-core-2.23.4.jar;F:\mavenrepo\repository\net\bytebuddy\byte-buddy\1.9.16\byte-buddy-1.9.16.jar;F:\mavenrepo\repository\net\bytebuddy\byte-buddy-agent\1.9.16\byte-buddy-agent-1.9.16.jar;F:\mavenrepo\repository\org\objenesis\objenesis\2.6\objenesis-2.6.jar;F:\mavenrepo\repository\org\hamcrest\hamcrest-core\1.3\hamcrest-core-1.3.jar;F:\mavenrepo\repository\org\hamcrest\hamcrest-library\1.3\hamcrest-library-1.3.jar;F:\mavenrepo\repository\org\skyscreamer\jsonassert\1.5.0\jsonassert-1.5.0.jar;F:\mavenrepo\repository\com\vaadin\external\google\android-json\0.0.20131108.vaadin1\android-json-0.0.20131108.vaadin1.jar;F:\mavenrepo\repository\org\springframework\spring-test\5.1.11.RELEASE\spring-test-5.1.11.RELEASE.jar;F:\mavenrepo\repository\org\xmlunit\xmlunit-core\2.6.3\xmlunit-core-2.6.3.jar;"/>
    <property name="sun.cpu.endian" value="little"/>
    <property name="user.home" value="C:\Users\95489"/>
    <property name="user.language" value="zh"/>
    <property name="java.specification.vendor" value="Oracle Corporation"/>
    <property name="java.home" value="D:\jdk1.8.0_51\jre"/>
    <property name="basedir" value="E:\IdeaProject\springCloud\microservice-cloud-02-api"/>
    <property name="file.separator" value="\"/>
    <property name="line.separator" value="&#10;"/>
    <property name="java.vm.specification.vendor" value="Oracle Corporation"/>
    <property name="java.specification.name" value="Java Platform API Specification"/>
    <property name="java.awt.graphicsenv" value="sun.awt.Win32GraphicsEnvironment"/>
    <property name="surefire.real.class.path" value="C:\Users\95489\AppData\Local\Temp\surefire9210076973566711213\surefirebooter6060270759363900394.jar"/>
    <property name="sun.boot.class.path" value="D:\jdk1.8.0_51\jre\lib\resources.jar;D:\jdk1.8.0_51\jre\lib\rt.jar;D:\jdk1.8.0_51\jre\lib\sunrsasign.jar;D:\jdk1.8.0_51\jre\lib\jsse.jar;D:\jdk1.8.0_51\jre\lib\jce.jar;D:\jdk1.8.0_51\jre\lib\charsets.jar;D:\jdk1.8.0_51\jre\lib\jfr.jar;D:\jdk1.8.0_51\jre\classes"/>
    <property name="user.script" value=""/>
    <property name="sun.management.compiler" value="HotSpot 64-Bit Tiered Compilers"/>
    <property name="java.runtime.version" value="1.8.0_51-b16"/>
    <property name="user.name" value="95489"/>
    <property name="path.separator" value=";"/>
    <property name="os.version" value="6.3"/>
    <property name="java.endorsed.dirs" value="D:\jdk1.8.0_51\jre\lib\endorsed"/>
    <property name="java.runtime.name" value="Java(TM) SE Runtime Environment"/>
    <property name="file.encoding" value="GBK"/>
    <property name="java.vm.name" value="Java HotSpot(TM) 64-Bit Server VM"/>
    <property name="localRepository" value="F:\mavenrepo\repository"/>
    <property name="java.vendor.url.bug" value="http://bugreport.sun.com/bugreport/"/>
    <property name="java.io.tmpdir" value="C:\Users\95489\AppData\Local\Temp\"/>
    <property name="idea.version" value="2018.1.3"/>
    <property name="java.version" value="1.8.0_51"/>
    <property name="user.dir" value="E:\IdeaProject\springCloud\microservice-cloud-02-api"/>
    <property name="os.arch" value="amd64"/>
    <property name="java.vm.specification.name" value="Java Virtual Machine Specification"/>
    <property name="java.awt.printerjob" value="sun.awt.windows.WPrinterJob"/>
    <property name="sun.os.patch.level" value=""/>
    <property name="java.library.path" value="D:\jdk1.8.0_51\jre\bin;C:\WINDOWS\Sun\Java\bin;C:\WINDOWS\system32;C:\WINDOWS;D:\Program Files (x86)\NetSarang\Xshell 6\;C:\Program Files (x86)\Intel\Intel(R) Management Engine Components\iCLS\;C:\Program Files\Intel\Intel(R) Management Engine Components\iCLS\;C:\WINDOWS\system32;C:\WINDOWS;C:\WINDOWS\System32\Wbem;C:\WINDOWS\System32\WindowsPowerShell\v1.0\;C:\WINDOWS\System32\OpenSSH\;C:\Program Files (x86)\Intel\Intel(R) Management Engine Components\DAL;C:\Program Files\Intel\Intel(R) Management Engine Components\DAL;D:\jdk1.8.0_51\bin;.;D:\jdk1.8.0_51\lib;D:\jdk1.8.0_51\lib\tool.jar;F:\devTool\apache-maven-3.6.1\bin;C:\Program Files\TortoiseSVN\bin;D:\Program Files\Git\cmd;D:\Program Files\nodejs;D:\Program Files\nodejs\node_global;C:\Program Files\RabbitMQ Server\rabbitmq_server-3.8.1\sbin;C:\Program Files\nodejs\;C:\Users\95489\AppData\Local\Microsoft\WindowsApps;;E:\DevTools\Microsoft VS Code\bin;C:\Users\95489\AppData\Roaming\npm;."/>
    <property name="java.vm.info" value="mixed mode"/>
    <property name="java.vendor" value="Oracle Corporation"/>
    <property name="java.vm.version" value="25.51-b03"/>
    <property name="java.ext.dirs" value="D:\jdk1.8.0_51\jre\lib\ext;C:\WINDOWS\Sun\Java\lib\ext"/>
    <property name="sun.io.unicode.encoding" value="UnicodeLittle"/>
    <property name="java.class.version" value="52.0"/>
  </properties>
  <testcase name="contextLoads" classname="com.laozhu.MicroserviceCloud02ApiApplicationTests" time="0.107"/>
</testsuite>