<?xml version="1.0" encoding="UTF-8"?>
<testsuite xmlns:xsi="http://www.w3.org/2001/XMLSchema-instance" xsi:noNamespaceSchemaLocation="https://maven.apache.org/surefire/maven-surefire-plugin/xsd/surefire-test-report.xsd" name="com.laozhu.MicroserviceCloud05Eureka6001ApplicationTests" time="0.077" tests="3" errors="3" skipped="0" failures="0">
  <properties>
    <property name="sun.desktop" value="windows"/>
    <property name="awt.toolkit" value="sun.awt.windows.WToolkit"/>
    <property name="file.encoding.pkg" value="sun.io"/>
    <property name="java.specification.version" value="1.8"/>
    <property name="sun.cpu.isalist" value="amd64"/>
    <property name="sun.jnu.encoding" value="GBK"/>
    <property name="java.class.path" value="E:\IdeaProject\springCloud\microservice-cloud-05-eureka-6001\target\test-classes;E:\IdeaProject\springCloud\microservice-cloud-05-eureka-6001\target\classes;F:\mavenrepo\repository\org\springframework\boot\spring-boot-starter-web\2.1.10.RELEASE\spring-boot-starter-web-2.1.10.RELEASE.jar;F:\mavenrepo\repository\org\springframework\boot\spring-boot-starter-json\2.1.10.RELEASE\spring-boot-starter-json-2.1.10.RELEASE.jar;F:\mavenrepo\repository\com\fasterxml\jackson\core\jackson-databind\2.9.10.1\jackson-databind-2.9.10.1.jar;F:\mavenrepo\repository\com\fasterxml\jackson\core\jackson-annotations\2.9.10\jackson-annotations-2.9.10.jar;F:\mavenrepo\repository\com\fasterxml\jackson\core\jackson-core\2.9.10\jackson-core-2.9.10.jar;F:\mavenrepo\repository\com\fasterxml\jackson\datatype\jackson-datatype-jdk8\2.9.10\jackson-datatype-jdk8-2.9.10.jar;F:\mavenrepo\repository\com\fasterxml\jackson\datatype\jackson-datatype-jsr310\2.9.10\jackson-datatype-jsr310-2.9.10.jar;F:\mavenrepo\repository\com\fasterxml\jackson\module\jackson-module-parameter-names\2.9.10\jackson-module-parameter-names-2.9.10.jar;F:\mavenrepo\repository\org\springframework\boot\spring-boot-starter-tomcat\2.1.10.RELEASE\spring-boot-starter-tomcat-2.1.10.RELEASE.jar;F:\mavenrepo\repository\org\apache\tomcat\embed\tomcat-embed-core\9.0.27\tomcat-embed-core-9.0.27.jar;F:\mavenrepo\repository\org\apache\tomcat\embed\tomcat-embed-el\9.0.27\tomcat-embed-el-9.0.27.jar;F:\mavenrepo\repository\org\apache\tomcat\embed\tomcat-embed-websocket\9.0.27\tomcat-embed-websocket-9.0.27.jar;F:\mavenrepo\repository\org\hibernate\validator\hibernate-validator\6.0.18.Final\hibernate-validator-6.0.18.Final.jar;F:\mavenrepo\repository\javax\validation\validation-api\2.0.1.Final\validation-api-2.0.1.Final.jar;F:\mavenrepo\repository\org\jboss\logging\jboss-logging\3.3.3.Final\jboss-logging-3.3.3.Final.jar;F:\mavenrepo\repository\com\fasterxml\classmate\1.4.0\classmate-1.4.0.jar;F:\mavenrepo\repository\org\springframework\spring-web\5.1.11.RELEASE\spring-web-5.1.11.RELEASE.jar;F:\mavenrepo\repository\org\springframework\spring-beans\5.1.11.RELEASE\spring-beans-5.1.11.RELEASE.jar;F:\mavenrepo\repository\org\springframework\spring-webmvc\5.1.11.RELEASE\spring-webmvc-5.1.11.RELEASE.jar;F:\mavenrepo\repository\org\springframework\spring-aop\5.1.11.RELEASE\spring-aop-5.1.11.RELEASE.jar;F:\mavenrepo\repository\org\springframework\spring-context\5.1.11.RELEASE\spring-context-5.1.11.RELEASE.jar;F:\mavenrepo\repository\org\springframework\spring-expression\5.1.11.RELEASE\spring-expression-5.1.11.RELEASE.jar;F:\mavenrepo\repository\org\springframework\cloud\spring-cloud-starter-netflix-eureka-server\2.1.4.RELEASE\spring-cloud-starter-netflix-eureka-server-2.1.4.RELEASE.jar;F:\mavenrepo\repository\org\springframework\cloud\spring-cloud-starter\2.1.4.RELEASE\spring-cloud-starter-2.1.4.RELEASE.jar;F:\mavenrepo\repository\org\springframework\cloud\spring-cloud-commons\2.1.4.RELEASE\spring-cloud-commons-2.1.4.RELEASE.jar;F:\mavenrepo\repository\org\springframework\security\spring-security-rsa\1.0.7.RELEASE\spring-security-rsa-1.0.7.RELEASE.jar;F:\mavenrepo\repository\org\bouncycastle\bcpkix-jdk15on\1.60\bcpkix-jdk15on-1.60.jar;F:\mavenrepo\repository\org\bouncycastle\bcprov-jdk15on\1.60\bcprov-jdk15on-1.60.jar;F:\mavenrepo\repository\org\springframework\cloud\spring-cloud-netflix-eureka-server\2.1.4.RELEASE\spring-cloud-netflix-eureka-server-2.1.4.RELEASE.jar;F:\mavenrepo\repository\org\springframework\boot\spring-boot-starter-actuator\2.1.10.RELEASE\spring-boot-starter-actuator-2.1.10.RELEASE.jar;F:\mavenrepo\repository\org\springframework\boot\spring-boot-actuator-autoconfigure\2.1.10.RELEASE\spring-boot-actuator-autoconfigure-2.1.10.RELEASE.jar;F:\mavenrepo\repository\org\springframework\boot\spring-boot-actuator\2.1.10.RELEASE\spring-boot-actuator-2.1.10.RELEASE.jar;F:\mavenrepo\repository\io\micrometer\micrometer-core\1.1.8\micrometer-core-1.1.8.jar;F:\mavenrepo\repository\org\hdrhistogram\HdrHistogram\2.1.9\HdrHistogram-2.1.9.jar;F:\mavenrepo\repository\org\latencyutils\LatencyUtils\2.0.3\LatencyUtils-2.0.3.jar;F:\mavenrepo\repository\org\springframework\boot\spring-boot-starter-freemarker\2.1.10.RELEASE\spring-boot-starter-freemarker-2.1.10.RELEASE.jar;F:\mavenrepo\repository\org\springframework\spring-context-support\5.1.11.RELEASE\spring-context-support-5.1.11.RELEASE.jar;F:\mavenrepo\repository\org\springframework\cloud\spring-cloud-netflix-hystrix\2.1.4.RELEASE\spring-cloud-netflix-hystrix-2.1.4.RELEASE.jar;F:\mavenrepo\repository\org\springframework\boot\spring-boot-starter-aop\2.1.10.RELEASE\spring-boot-starter-aop-2.1.10.RELEASE.jar;F:\mavenrepo\repository\org\aspectj\aspectjweaver\1.9.4\aspectjweaver-1.9.4.jar;F:\mavenrepo\repository\org\springframework\cloud\spring-cloud-netflix-eureka-client\2.1.4.RELEASE\spring-cloud-netflix-eureka-client-2.1.4.RELEASE.jar;F:\mavenrepo\repository\com\netflix\eureka\eureka-client\1.9.13\eureka-client-1.9.13.jar;F:\mavenrepo\repository\org\codehaus\jettison\jettison\1.3.7\jettison-1.3.7.jar;F:\mavenrepo\repository\stax\stax-api\1.0.1\stax-api-1.0.1.jar;F:\mavenrepo\repository\com\netflix\netflix-commons\netflix-eventbus\0.3.0\netflix-eventbus-0.3.0.jar;F:\mavenrepo\repository\com\netflix\netflix-commons\netflix-infix\0.3.0\netflix-infix-0.3.0.jar;F:\mavenrepo\repository\commons-jxpath\commons-jxpath\1.3\commons-jxpath-1.3.jar;F:\mavenrepo\repository\org\antlr\antlr-runtime\3.4\antlr-runtime-3.4.jar;F:\mavenrepo\repository\org\antlr\stringtemplate\3.2.1\stringtemplate-3.2.1.jar;F:\mavenrepo\repository\antlr\antlr\2.7.7\antlr-2.7.7.jar;F:\mavenrepo\repository\com\google\code\gson\gson\2.8.6\gson-2.8.6.jar;F:\mavenrepo\repository\org\apache\commons\commons-math\2.2\commons-math-2.2.jar;F:\mavenrepo\repository\javax\ws\rs\jsr311-api\1.1.1\jsr311-api-1.1.1.jar;F:\mavenrepo\repository\com\netflix\servo\servo-core\0.12.21\servo-core-0.12.21.jar;F:\mavenrepo\repository\com\sun\jersey\jersey-core\1.19.1\jersey-core-1.19.1.jar;F:\mavenrepo\repository\com\sun\jersey\contribs\jersey-apache-client4\1.19.1\jersey-apache-client4-1.19.1.jar;F:\mavenrepo\repository\org\apache\httpcomponents\httpclient\4.5.10\httpclient-4.5.10.jar;F:\mavenrepo\repository\org\apache\httpcomponents\httpcore\4.4.12\httpcore-4.4.12.jar;F:\mavenrepo\repository\commons-codec\commons-codec\1.11\commons-codec-1.11.jar;F:\mavenrepo\repository\com\google\inject\guice\4.1.0\guice-4.1.0.jar;F:\mavenrepo\repository\aopalliance\aopalliance\1.0\aopalliance-1.0.jar;F:\mavenrepo\repository\com\sun\jersey\jersey-servlet\1.19.1\jersey-servlet-1.19.1.jar;F:\mavenrepo\repository\com\sun\jersey\jersey-server\1.19.1\jersey-server-1.19.1.jar;F:\mavenrepo\repository\com\sun\jersey\jersey-client\1.19.1\jersey-client-1.19.1.jar;F:\mavenrepo\repository\com\netflix\eureka\eureka-core\1.9.13\eureka-core-1.9.13.jar;F:\mavenrepo\repository\com\amazonaws\aws-java-sdk-core\1.11.277\aws-java-sdk-core-1.11.277.jar;F:\mavenrepo\repository\commons-logging\commons-logging\1.1.3\commons-logging-1.1.3.jar;F:\mavenrepo\repository\software\amazon\ion\ion-java\1.0.2\ion-java-1.0.2.jar;F:\mavenrepo\repository\com\fasterxml\jackson\dataformat\jackson-dataformat-cbor\2.9.10\jackson-dataformat-cbor-2.9.10.jar;F:\mavenrepo\repository\joda-time\joda-time\2.10.5\joda-time-2.10.5.jar;F:\mavenrepo\repository\com\amazonaws\aws-java-sdk-ec2\1.11.277\aws-java-sdk-ec2-1.11.277.jar;F:\mavenrepo\repository\com\amazonaws\jmespath-java\1.11.277\jmespath-java-1.11.277.jar;F:\mavenrepo\repository\com\amazonaws\aws-java-sdk-autoscaling\1.11.277\aws-java-sdk-autoscaling-1.11.277.jar;F:\mavenrepo\repository\com\amazonaws\aws-java-sdk-sts\1.11.277\aws-java-sdk-sts-1.11.277.jar;F:\mavenrepo\repository\com\amazonaws\aws-java-sdk-route53\1.11.277\aws-java-sdk-route53-1.11.277.jar;F:\mavenrepo\repository\javax\servlet\servlet-api\2.5\servlet-api-2.5.jar;F:\mavenrepo\repository\com\fasterxml\woodstox\woodstox-core\5.0.3\woodstox-core-5.0.3.jar;F:\mavenrepo\repository\com\netflix\archaius\archaius-core\0.7.6\archaius-core-0.7.6.jar;F:\mavenrepo\repository\com\google\code\findbugs\jsr305\3.0.1\jsr305-3.0.1.jar;F:\mavenrepo\repository\javax\inject\javax.inject\1\javax.inject-1.jar;F:\mavenrepo\repository\com\fasterxml\jackson\dataformat\jackson-dataformat-xml\2.9.10\jackson-dataformat-xml-2.9.10.jar;F:\mavenrepo\repository\com\fasterxml\jackson\module\jackson-module-jaxb-annotations\2.9.10\jackson-module-jaxb-annotations-2.9.10.jar;F:\mavenrepo\repository\org\codehaus\woodstox\stax2-api\4.2\stax2-api-4.2.jar;F:\mavenrepo\repository\com\thoughtworks\xstream\xstream\1.4.11.1\xstream-1.4.11.1.jar;F:\mavenrepo\repository\xmlpull\xmlpull\1.1.3.1\xmlpull-1.1.3.1.jar;F:\mavenrepo\repository\xpp3\xpp3_min\1.1.4c\xpp3_min-1.1.4c.jar;F:\mavenrepo\repository\org\springframework\cloud\spring-cloud-starter-netflix-archaius\2.1.4.RELEASE\spring-cloud-starter-netflix-archaius-2.1.4.RELEASE.jar;F:\mavenrepo\repository\org\springframework\cloud\spring-cloud-netflix-ribbon\2.1.4.RELEASE\spring-cloud-netflix-ribbon-2.1.4.RELEASE.jar;F:\mavenrepo\repository\org\springframework\cloud\spring-cloud-netflix-archaius\2.1.4.RELEASE\spring-cloud-netflix-archaius-2.1.4.RELEASE.jar;F:\mavenrepo\repository\commons-configuration\commons-configuration\1.8\commons-configuration-1.8.jar;F:\mavenrepo\repository\org\springframework\cloud\spring-cloud-starter-netflix-ribbon\2.1.4.RELEASE\spring-cloud-starter-netflix-ribbon-2.1.4.RELEASE.jar;F:\mavenrepo\repository\com\netflix\ribbon\ribbon\2.3.0\ribbon-2.3.0.jar;F:\mavenrepo\repository\com\netflix\ribbon\ribbon-transport\2.3.0\ribbon-transport-2.3.0.jar;F:\mavenrepo\repository\io\reactivex\rxnetty-contexts\0.4.9\rxnetty-contexts-0.4.9.jar;F:\mavenrepo\repository\io\reactivex\rxnetty-servo\0.4.9\rxnetty-servo-0.4.9.jar;F:\mavenrepo\repository\com\netflix\hystrix\hystrix-core\1.4.3\hystrix-core-1.4.3.jar;F:\mavenrepo\repository\io\reactivex\rxnetty\0.4.9\rxnetty-0.4.9.jar;F:\mavenrepo\repository\com\netflix\ribbon\ribbon-core\2.3.0\ribbon-core-2.3.0.jar;F:\mavenrepo\repository\com\netflix\ribbon\ribbon-httpclient\2.3.0\ribbon-httpclient-2.3.0.jar;F:\mavenrepo\repository\com\netflix\netflix-commons\netflix-commons-util\0.1.1\netflix-commons-util-0.1.1.jar;F:\mavenrepo\repository\com\netflix\ribbon\ribbon-loadbalancer\2.3.0\ribbon-loadbalancer-2.3.0.jar;F:\mavenrepo\repository\com\netflix\netflix-commons\netflix-statistics\0.1.1\netflix-statistics-0.1.1.jar;F:\mavenrepo\repository\io\reactivex\rxjava\1.3.8\rxjava-1.3.8.jar;F:\mavenrepo\repository\com\netflix\ribbon\ribbon-eureka\2.3.0\ribbon-eureka-2.3.0.jar;F:\mavenrepo\repository\org\slf4j\slf4j-api\1.7.29\slf4j-api-1.7.29.jar;F:\mavenrepo\repository\org\glassfish\jaxb\jaxb-runtime\2.3.1\jaxb-runtime-2.3.1.jar;F:\mavenrepo\repository\javax\xml\bind\jaxb-api\2.3.1\jaxb-api-2.3.1.jar;F:\mavenrepo\repository\org\glassfish\jaxb\txw2\2.3.1\txw2-2.3.1.jar;F:\mavenrepo\repository\com\sun\istack\istack-commons-runtime\3.0.7\istack-commons-runtime-3.0.7.jar;F:\mavenrepo\repository\org\jvnet\staxex\stax-ex\1.8\stax-ex-1.8.jar;F:\mavenrepo\repository\com\sun\xml\fastinfoset\FastInfoset\1.2.15\FastInfoset-1.2.15.jar;F:\mavenrepo\repository\javax\activation\javax.activation-api\1.2.0\javax.activation-api-1.2.0.jar;E:\IdeaProject\springCloud\microservice-cloud-02-api\target\microservice-cloud-02-api-0.0.1-SNAPSHOT.jar;F:\mavenrepo\repository\org\springframework\boot\spring-boot-starter-test\2.1.10.RELEASE\spring-boot-starter-test-2.1.10.RELEASE.jar;F:\mavenrepo\repository\org\springframework\boot\spring-boot-test\2.1.10.RELEASE\spring-boot-test-2.1.10.RELEASE.jar;F:\mavenrepo\repository\org\springframework\boot\spring-boot-test-autoconfigure\2.1.10.RELEASE\spring-boot-test-autoconfigure-2.1.10.RELEASE.jar;F:\mavenrepo\repository\com\jayway\jsonpath\json-path\2.4.0\json-path-2.4.0.jar;F:\mavenrepo\repository\net\minidev\json-smart\2.3\json-smart-2.3.jar;F:\mavenrepo\repository\net\minidev\accessors-smart\1.2\accessors-smart-1.2.jar;F:\mavenrepo\repository\org\ow2\asm\asm\5.0.4\asm-5.0.4.jar;F:\mavenrepo\repository\junit\junit\4.12\junit-4.12.jar;F:\mavenrepo\repository\org\assertj\assertj-core\3.11.1\assertj-core-3.11.1.jar;F:\mavenrepo\repository\org\mockito\mockito-core\2.23.4\mockito-core-2.23.4.jar;F:\mavenrepo\repository\net\bytebuddy\byte-buddy\1.9.16\byte-buddy-1.9.16.jar;F:\mavenrepo\repository\net\bytebuddy\byte-buddy-agent\1.9.16\byte-buddy-agent-1.9.16.jar;F:\mavenrepo\repository\org\objenesis\objenesis\2.6\objenesis-2.6.jar;F:\mavenrepo\repository\org\hamcrest\hamcrest-core\1.3\hamcrest-core-1.3.jar;F:\mavenrepo\repository\org\hamcrest\hamcrest-library\1.3\hamcrest-library-1.3.jar;F:\mavenrepo\repository\org\skyscreamer\jsonassert\1.5.0\jsonassert-1.5.0.jar;F:\mavenrepo\repository\com\vaadin\external\google\android-json\0.0.20131108.vaadin1\android-json-0.0.20131108.vaadin1.jar;F:\mavenrepo\repository\org\springframework\spring-core\5.1.11.RELEASE\spring-core-5.1.11.RELEASE.jar;F:\mavenrepo\repository\org\springframework\spring-jcl\5.1.11.RELEASE\spring-jcl-5.1.11.RELEASE.jar;F:\mavenrepo\repository\org\springframework\spring-test\5.1.11.RELEASE\spring-test-5.1.11.RELEASE.jar;F:\mavenrepo\repository\org\xmlunit\xmlunit-core\2.6.3\xmlunit-core-2.6.3.jar;F:\mavenrepo\repository\org\springframework\cloud\spring-cloud-context\2.1.4.RELEASE\spring-cloud-context-2.1.4.RELEASE.jar;F:\mavenrepo\repository\org\springframework\security\spring-security-crypto\5.1.7.RELEASE\spring-security-crypto-5.1.7.RELEASE.jar;F:\mavenrepo\repository\com\alibaba\druid\1.1.12\druid-1.1.12.jar;F:\mavenrepo\repository\mysql\mysql-connector-java\8.0.13\mysql-connector-java-8.0.13.jar;F:\mavenrepo\repository\org\apache\commons\commons-lang3\3.4\commons-lang3-3.4.jar;F:\mavenrepo\repository\com\baomidou\mybatis-plus\3.3.0\mybatis-plus-3.3.0.jar;F:\mavenrepo\repository\com\baomidou\mybatis-plus-extension\3.3.0\mybatis-plus-extension-3.3.0.jar;F:\mavenrepo\repository\com\baomidou\mybatis-plus-core\3.3.0\mybatis-plus-core-3.3.0.jar;F:\mavenrepo\repository\com\baomidou\mybatis-plus-annotation\3.3.0\mybatis-plus-annotation-3.3.0.jar;F:\mavenrepo\repository\com\github\jsqlparser\jsqlparser\3.1\jsqlparser-3.1.jar;F:\mavenrepo\repository\org\mybatis\mybatis\3.5.3\mybatis-3.5.3.jar;F:\mavenrepo\repository\org\mybatis\mybatis-spring\2.0.3\mybatis-spring-2.0.3.jar;F:\mavenrepo\repository\com\spring4all\swagger-spring-boot-starter\1.7.0.RELEASE\swagger-spring-boot-starter-1.7.0.RELEASE.jar;F:\mavenrepo\repository\io\springfox\springfox-swagger-ui\2.8.0\springfox-swagger-ui-2.8.0.jar;F:\mavenrepo\repository\io\springfox\springfox-spring-web\2.8.0\springfox-spring-web-2.8.0.jar;F:\mavenrepo\repository\org\reflections\reflections\0.9.11\reflections-0.9.11.jar;F:\mavenrepo\repository\org\javassist\javassist\3.21.0-GA\javassist-3.21.0-GA.jar;F:\mavenrepo\repository\io\springfox\springfox-swagger2\2.8.0\springfox-swagger2-2.8.0.jar;F:\mavenrepo\repository\io\swagger\swagger-annotations\1.5.14\swagger-annotations-1.5.14.jar;F:\mavenrepo\repository\io\swagger\swagger-models\1.5.14\swagger-models-1.5.14.jar;F:\mavenrepo\repository\io\springfox\springfox-spi\2.8.0\springfox-spi-2.8.0.jar;F:\mavenrepo\repository\io\springfox\springfox-core\2.8.0\springfox-core-2.8.0.jar;F:\mavenrepo\repository\io\springfox\springfox-schema\2.8.0\springfox-schema-2.8.0.jar;F:\mavenrepo\repository\io\springfox\springfox-swagger-common\2.8.0\springfox-swagger-common-2.8.0.jar;F:\mavenrepo\repository\com\google\guava\guava\20.0\guava-20.0.jar;F:\mavenrepo\repository\org\springframework\plugin\spring-plugin-core\1.2.0.RELEASE\spring-plugin-core-1.2.0.RELEASE.jar;F:\mavenrepo\repository\org\springframework\plugin\spring-plugin-metadata\1.2.0.RELEASE\spring-plugin-metadata-1.2.0.RELEASE.jar;F:\mavenrepo\repository\org\mapstruct\mapstruct\1.2.0.Final\mapstruct-1.2.0.Final.jar;F:\mavenrepo\repository\io\springfox\springfox-bean-validators\2.8.0\springfox-bean-validators-2.8.0.jar;F:\mavenrepo\repository\org\apache\velocity\velocity\1.7\velocity-1.7.jar;F:\mavenrepo\repository\commons-collections\commons-collections\3.2.1\commons-collections-3.2.1.jar;F:\mavenrepo\repository\commons-lang\commons-lang\2.4\commons-lang-2.4.jar;F:\mavenrepo\repository\org\freemarker\freemarker\2.3.28\freemarker-2.3.28.jar;F:\mavenrepo\repository\org\projectlombok\lombok\1.18.4\lombok-1.18.4.jar;F:\mavenrepo\repository\org\springframework\boot\spring-boot-starter\2.1.10.RELEASE\spring-boot-starter-2.1.10.RELEASE.jar;F:\mavenrepo\repository\org\springframework\boot\spring-boot\2.1.10.RELEASE\spring-boot-2.1.10.RELEASE.jar;F:\mavenrepo\repository\org\springframework\boot\spring-boot-autoconfigure\2.1.10.RELEASE\spring-boot-autoconfigure-2.1.10.RELEASE.jar;F:\mavenrepo\repository\org\springframework\boot\spring-boot-starter-logging\2.1.10.RELEASE\spring-boot-starter-logging-2.1.10.RELEASE.jar;F:\mavenrepo\repository\ch\qos\logback\logback-classic\1.2.3\logback-classic-1.2.3.jar;F:\mavenrepo\repository\ch\qos\logback\logback-core\1.2.3\logback-core-1.2.3.jar;F:\mavenrepo\repository\org\apache\logging\log4j\log4j-to-slf4j\2.11.2\log4j-to-slf4j-2.11.2.jar;F:\mavenrepo\repository\org\apache\logging\log4j\log4j-api\2.11.2\log4j-api-2.11.2.jar;F:\mavenrepo\repository\org\slf4j\jul-to-slf4j\1.7.29\jul-to-slf4j-1.7.29.jar;F:\mavenrepo\repository\javax\annotation\javax.annotation-api\1.3.2\javax.annotation-api-1.3.2.jar;F:\mavenrepo\repository\org\yaml\snakeyaml\1.23\snakeyaml-1.23.jar;"/>
    <property name="java.vm.vendor" value="Oracle Corporation"/>
    <property name="sun.arch.data.model" value="64"/>
    <property name="user.variant" value=""/>
    <property name="java.vendor.url" value="http://java.oracle.com/"/>
    <property name="user.timezone" value="Asia/Shanghai"/>
    <property name="java.vm.specification.version" value="1.8"/>
    <property name="os.name" value="Windows 8.1"/>
    <property name="user.country" value="CN"/>
    <property name="sun.java.launcher" value="SUN_STANDARD"/>
    <property name="sun.boot.library.path" value="D:\jdk1.8.0_51\jre\bin"/>
    <property name="sun.java.command" value="C:\Users\95489\AppData\Local\Temp\surefire766016543366978841\surefirebooter4479824057229823847.jar C:\Users\95489\AppData\Local\Temp\surefire766016543366978841 2020-03-19T17-16-11_489-jvmRun1 surefire9201285398010972922tmp surefire_24146038763207718693tmp"/>
    <property name="surefire.test.class.path" value="E:\IdeaProject\springCloud\microservice-cloud-05-eureka-6001\target\test-classes;E:\IdeaProject\springCloud\microservice-cloud-05-eureka-6001\target\classes;F:\mavenrepo\repository\org\springframework\boot\spring-boot-starter-web\2.1.10.RELEASE\spring-boot-starter-web-2.1.10.RELEASE.jar;F:\mavenrepo\repository\org\springframework\boot\spring-boot-starter-json\2.1.10.RELEASE\spring-boot-starter-json-2.1.10.RELEASE.jar;F:\mavenrepo\repository\com\fasterxml\jackson\core\jackson-databind\2.9.10.1\jackson-databind-2.9.10.1.jar;F:\mavenrepo\repository\com\fasterxml\jackson\core\jackson-annotations\2.9.10\jackson-annotations-2.9.10.jar;F:\mavenrepo\repository\com\fasterxml\jackson\core\jackson-core\2.9.10\jackson-core-2.9.10.jar;F:\mavenrepo\repository\com\fasterxml\jackson\datatype\jackson-datatype-jdk8\2.9.10\jackson-datatype-jdk8-2.9.10.jar;F:\mavenrepo\repository\com\fasterxml\jackson\datatype\jackson-datatype-jsr310\2.9.10\jackson-datatype-jsr310-2.9.10.jar;F:\mavenrepo\repository\com\fasterxml\jackson\module\jackson-module-parameter-names\2.9.10\jackson-module-parameter-names-2.9.10.jar;F:\mavenrepo\repository\org\springframework\boot\spring-boot-starter-tomcat\2.1.10.RELEASE\spring-boot-starter-tomcat-2.1.10.RELEASE.jar;F:\mavenrepo\repository\org\apache\tomcat\embed\tomcat-embed-core\9.0.27\tomcat-embed-core-9.0.27.jar;F:\mavenrepo\repository\org\apache\tomcat\embed\tomcat-embed-el\9.0.27\tomcat-embed-el-9.0.27.jar;F:\mavenrepo\repository\org\apache\tomcat\embed\tomcat-embed-websocket\9.0.27\tomcat-embed-websocket-9.0.27.jar;F:\mavenrepo\repository\org\hibernate\validator\hibernate-validator\6.0.18.Final\hibernate-validator-6.0.18.Final.jar;F:\mavenrepo\repository\javax\validation\validation-api\2.0.1.Final\validation-api-2.0.1.Final.jar;F:\mavenrepo\repository\org\jboss\logging\jboss-logging\3.3.3.Final\jboss-logging-3.3.3.Final.jar;F:\mavenrepo\repository\com\fasterxml\classmate\1.4.0\classmate-1.4.0.jar;F:\mavenrepo\repository\org\springframework\spring-web\5.1.11.RELEASE\spring-web-5.1.11.RELEASE.jar;F:\mavenrepo\repository\org\springframework\spring-beans\5.1.11.RELEASE\spring-beans-5.1.11.RELEASE.jar;F:\mavenrepo\repository\org\springframework\spring-webmvc\5.1.11.RELEASE\spring-webmvc-5.1.11.RELEASE.jar;F:\mavenrepo\repository\org\springframework\spring-aop\5.1.11.RELEASE\spring-aop-5.1.11.RELEASE.jar;F:\mavenrepo\repository\org\springframework\spring-context\5.1.11.RELEASE\spring-context-5.1.11.RELEASE.jar;F:\mavenrepo\repository\org\springframework\spring-expression\5.1.11.RELEASE\spring-expression-5.1.11.RELEASE.jar;F:\mavenrepo\repository\org\springframework\cloud\spring-cloud-starter-netflix-eureka-server\2.1.4.RELEASE\spring-cloud-starter-netflix-eureka-server-2.1.4.RELEASE.jar;F:\mavenrepo\repository\org\springframework\cloud\spring-cloud-starter\2.1.4.RELEASE\spring-cloud-starter-2.1.4.RELEASE.jar;F:\mavenrepo\repository\org\springframework\cloud\spring-cloud-commons\2.1.4.RELEASE\spring-cloud-commons-2.1.4.RELEASE.jar;F:\mavenrepo\repository\org\springframework\security\spring-security-rsa\1.0.7.RELEASE\spring-security-rsa-1.0.7.RELEASE.jar;F:\mavenrepo\repository\org\bouncycastle\bcpkix-jdk15on\1.60\bcpkix-jdk15on-1.60.jar;F:\mavenrepo\repository\org\bouncycastle\bcprov-jdk15on\1.60\bcprov-jdk15on-1.60.jar;F:\mavenrepo\repository\org\springframework\cloud\spring-cloud-netflix-eureka-server\2.1.4.RELEASE\spring-cloud-netflix-eureka-server-2.1.4.RELEASE.jar;F:\mavenrepo\repository\org\springframework\boot\spring-boot-starter-actuator\2.1.10.RELEASE\spring-boot-starter-actuator-2.1.10.RELEASE.jar;F:\mavenrepo\repository\org\springframework\boot\spring-boot-actuator-autoconfigure\2.1.10.RELEASE\spring-boot-actuator-autoconfigure-2.1.10.RELEASE.jar;F:\mavenrepo\repository\org\springframework\boot\spring-boot-actuator\2.1.10.RELEASE\spring-boot-actuator-2.1.10.RELEASE.jar;F:\mavenrepo\repository\io\micrometer\micrometer-core\1.1.8\micrometer-core-1.1.8.jar;F:\mavenrepo\repository\org\hdrhistogram\HdrHistogram\2.1.9\HdrHistogram-2.1.9.jar;F:\mavenrepo\repository\org\latencyutils\LatencyUtils\2.0.3\LatencyUtils-2.0.3.jar;F:\mavenrepo\repository\org\springframework\boot\spring-boot-starter-freemarker\2.1.10.RELEASE\spring-boot-starter-freemarker-2.1.10.RELEASE.jar;F:\mavenrepo\repository\org\springframework\spring-context-support\5.1.11.RELEASE\spring-context-support-5.1.11.RELEASE.jar;F:\mavenrepo\repository\org\springframework\cloud\spring-cloud-netflix-hystrix\2.1.4.RELEASE\spring-cloud-netflix-hystrix-2.1.4.RELEASE.jar;F:\mavenrepo\repository\org\springframework\boot\spring-boot-starter-aop\2.1.10.RELEASE\spring-boot-starter-aop-2.1.10.RELEASE.jar;F:\mavenrepo\repository\org\aspectj\aspectjweaver\1.9.4\aspectjweaver-1.9.4.jar;F:\mavenrepo\repository\org\springframework\cloud\spring-cloud-netflix-eureka-client\2.1.4.RELEASE\spring-cloud-netflix-eureka-client-2.1.4.RELEASE.jar;F:\mavenrepo\repository\com\netflix\eureka\eureka-client\1.9.13\eureka-client-1.9.13.jar;F:\mavenrepo\repository\org\codehaus\jettison\jettison\1.3.7\jettison-1.3.7.jar;F:\mavenrepo\repository\stax\stax-api\1.0.1\stax-api-1.0.1.jar;F:\mavenrepo\repository\com\netflix\netflix-commons\netflix-eventbus\0.3.0\netflix-eventbus-0.3.0.jar;F:\mavenrepo\repository\com\netflix\netflix-commons\netflix-infix\0.3.0\netflix-infix-0.3.0.jar;F:\mavenrepo\repository\commons-jxpath\commons-jxpath\1.3\commons-jxpath-1.3.jar;F:\mavenrepo\repository\org\antlr\antlr-runtime\3.4\antlr-runtime-3.4.jar;F:\mavenrepo\repository\org\antlr\stringtemplate\3.2.1\stringtemplate-3.2.1.jar;F:\mavenrepo\repository\antlr\antlr\2.7.7\antlr-2.7.7.jar;F:\mavenrepo\repository\com\google\code\gson\gson\2.8.6\gson-2.8.6.jar;F:\mavenrepo\repository\org\apache\commons\commons-math\2.2\commons-math-2.2.jar;F:\mavenrepo\repository\javax\ws\rs\jsr311-api\1.1.1\jsr311-api-1.1.1.jar;F:\mavenrepo\repository\com\netflix\servo\servo-core\0.12.21\servo-core-0.12.21.jar;F:\mavenrepo\repository\com\sun\jersey\jersey-core\1.19.1\jersey-core-1.19.1.jar;F:\mavenrepo\repository\com\sun\jersey\contribs\jersey-apache-client4\1.19.1\jersey-apache-client4-1.19.1.jar;F:\mavenrepo\repository\org\apache\httpcomponents\httpclient\4.5.10\httpclient-4.5.10.jar;F:\mavenrepo\repository\org\apache\httpcomponents\httpcore\4.4.12\httpcore-4.4.12.jar;F:\mavenrepo\repository\commons-codec\commons-codec\1.11\commons-codec-1.11.jar;F:\mavenrepo\repository\com\google\inject\guice\4.1.0\guice-4.1.0.jar;F:\mavenrepo\repository\aopalliance\aopalliance\1.0\aopalliance-1.0.jar;F:\mavenrepo\repository\com\sun\jersey\jersey-servlet\1.19.1\jersey-servlet-1.19.1.jar;F:\mavenrepo\repository\com\sun\jersey\jersey-server\1.19.1\jersey-server-1.19.1.jar;F:\mavenrepo\repository\com\sun\jersey\jersey-client\1.19.1\jersey-client-1.19.1.jar;F:\mavenrepo\repository\com\netflix\eureka\eureka-core\1.9.13\eureka-core-1.9.13.jar;F:\mavenrepo\repository\com\amazonaws\aws-java-sdk-core\1.11.277\aws-java-sdk-core-1.11.277.jar;F:\mavenrepo\repository\commons-logging\commons-logging\1.1.3\commons-logging-1.1.3.jar;F:\mavenrepo\repository\software\amazon\ion\ion-java\1.0.2\ion-java-1.0.2.jar;F:\mavenrepo\repository\com\fasterxml\jackson\dataformat\jackson-dataformat-cbor\2.9.10\jackson-dataformat-cbor-2.9.10.jar;F:\mavenrepo\repository\joda-time\joda-time\2.10.5\joda-time-2.10.5.jar;F:\mavenrepo\repository\com\amazonaws\aws-java-sdk-ec2\1.11.277\aws-java-sdk-ec2-1.11.277.jar;F:\mavenrepo\repository\com\amazonaws\jmespath-java\1.11.277\jmespath-java-1.11.277.jar;F:\mavenrepo\repository\com\amazonaws\aws-java-sdk-autoscaling\1.11.277\aws-java-sdk-autoscaling-1.11.277.jar;F:\mavenrepo\repository\com\amazonaws\aws-java-sdk-sts\1.11.277\aws-java-sdk-sts-1.11.277.jar;F:\mavenrepo\repository\com\amazonaws\aws-java-sdk-route53\1.11.277\aws-java-sdk-route53-1.11.277.jar;F:\mavenrepo\repository\javax\servlet\servlet-api\2.5\servlet-api-2.5.jar;F:\mavenrepo\repository\com\fasterxml\woodstox\woodstox-core\5.0.3\woodstox-core-5.0.3.jar;F:\mavenrepo\repository\com\netflix\archaius\archaius-core\0.7.6\archaius-core-0.7.6.jar;F:\mavenrepo\repository\com\google\code\findbugs\jsr305\3.0.1\jsr305-3.0.1.jar;F:\mavenrepo\repository\javax\inject\javax.inject\1\javax.inject-1.jar;F:\mavenrepo\repository\com\fasterxml\jackson\dataformat\jackson-dataformat-xml\2.9.10\jackson-dataformat-xml-2.9.10.jar;F:\mavenrepo\repository\com\fasterxml\jackson\module\jackson-module-jaxb-annotations\2.9.10\jackson-module-jaxb-annotations-2.9.10.jar;F:\mavenrepo\repository\org\codehaus\woodstox\stax2-api\4.2\stax2-api-4.2.jar;F:\mavenrepo\repository\com\thoughtworks\xstream\xstream\1.4.11.1\xstream-1.4.11.1.jar;F:\mavenrepo\repository\xmlpull\xmlpull\1.1.3.1\xmlpull-1.1.3.1.jar;F:\mavenrepo\repository\xpp3\xpp3_min\1.1.4c\xpp3_min-1.1.4c.jar;F:\mavenrepo\repository\org\springframework\cloud\spring-cloud-starter-netflix-archaius\2.1.4.RELEASE\spring-cloud-starter-netflix-archaius-2.1.4.RELEASE.jar;F:\mavenrepo\repository\org\springframework\cloud\spring-cloud-netflix-ribbon\2.1.4.RELEASE\spring-cloud-netflix-ribbon-2.1.4.RELEASE.jar;F:\mavenrepo\repository\org\springframework\cloud\spring-cloud-netflix-archaius\2.1.4.RELEASE\spring-cloud-netflix-archaius-2.1.4.RELEASE.jar;F:\mavenrepo\repository\commons-configuration\commons-configuration\1.8\commons-configuration-1.8.jar;F:\mavenrepo\repository\org\springframework\cloud\spring-cloud-starter-netflix-ribbon\2.1.4.RELEASE\spring-cloud-starter-netflix-ribbon-2.1.4.RELEASE.jar;F:\mavenrepo\repository\com\netflix\ribbon\ribbon\2.3.0\ribbon-2.3.0.jar;F:\mavenrepo\repository\com\netflix\ribbon\ribbon-transport\2.3.0\ribbon-transport-2.3.0.jar;F:\mavenrepo\repository\io\reactivex\rxnetty-contexts\0.4.9\rxnetty-contexts-0.4.9.jar;F:\mavenrepo\repository\io\reactivex\rxnetty-servo\0.4.9\rxnetty-servo-0.4.9.jar;F:\mavenrepo\repository\com\netflix\hystrix\hystrix-core\1.4.3\hystrix-core-1.4.3.jar;F:\mavenrepo\repository\io\reactivex\rxnetty\0.4.9\rxnetty-0.4.9.jar;F:\mavenrepo\repository\com\netflix\ribbon\ribbon-core\2.3.0\ribbon-core-2.3.0.jar;F:\mavenrepo\repository\com\netflix\ribbon\ribbon-httpclient\2.3.0\ribbon-httpclient-2.3.0.jar;F:\mavenrepo\repository\com\netflix\netflix-commons\netflix-commons-util\0.1.1\netflix-commons-util-0.1.1.jar;F:\mavenrepo\repository\com\netflix\ribbon\ribbon-loadbalancer\2.3.0\ribbon-loadbalancer-2.3.0.jar;F:\mavenrepo\repository\com\netflix\netflix-commons\netflix-statistics\0.1.1\netflix-statistics-0.1.1.jar;F:\mavenrepo\repository\io\reactivex\rxjava\1.3.8\rxjava-1.3.8.jar;F:\mavenrepo\repository\com\netflix\ribbon\ribbon-eureka\2.3.0\ribbon-eureka-2.3.0.jar;F:\mavenrepo\repository\org\slf4j\slf4j-api\1.7.29\slf4j-api-1.7.29.jar;F:\mavenrepo\repository\org\glassfish\jaxb\jaxb-runtime\2.3.1\jaxb-runtime-2.3.1.jar;F:\mavenrepo\repository\javax\xml\bind\jaxb-api\2.3.1\jaxb-api-2.3.1.jar;F:\mavenrepo\repository\org\glassfish\jaxb\txw2\2.3.1\txw2-2.3.1.jar;F:\mavenrepo\repository\com\sun\istack\istack-commons-runtime\3.0.7\istack-commons-runtime-3.0.7.jar;F:\mavenrepo\repository\org\jvnet\staxex\stax-ex\1.8\stax-ex-1.8.jar;F:\mavenrepo\repository\com\sun\xml\fastinfoset\FastInfoset\1.2.15\FastInfoset-1.2.15.jar;F:\mavenrepo\repository\javax\activation\javax.activation-api\1.2.0\javax.activation-api-1.2.0.jar;E:\IdeaProject\springCloud\microservice-cloud-02-api\target\microservice-cloud-02-api-0.0.1-SNAPSHOT.jar;F:\mavenrepo\repository\org\springframework\boot\spring-boot-starter-test\2.1.10.RELEASE\spring-boot-starter-test-2.1.10.RELEASE.jar;F:\mavenrepo\repository\org\springframework\boot\spring-boot-test\2.1.10.RELEASE\spring-boot-test-2.1.10.RELEASE.jar;F:\mavenrepo\repository\org\springframework\boot\spring-boot-test-autoconfigure\2.1.10.RELEASE\spring-boot-test-autoconfigure-2.1.10.RELEASE.jar;F:\mavenrepo\repository\com\jayway\jsonpath\json-path\2.4.0\json-path-2.4.0.jar;F:\mavenrepo\repository\net\minidev\json-smart\2.3\json-smart-2.3.jar;F:\mavenrepo\repository\net\minidev\accessors-smart\1.2\accessors-smart-1.2.jar;F:\mavenrepo\repository\org\ow2\asm\asm\5.0.4\asm-5.0.4.jar;F:\mavenrepo\repository\junit\junit\4.12\junit-4.12.jar;F:\mavenrepo\repository\org\assertj\assertj-core\3.11.1\assertj-core-3.11.1.jar;F:\mavenrepo\repository\org\mockito\mockito-core\2.23.4\mockito-core-2.23.4.jar;F:\mavenrepo\repository\net\bytebuddy\byte-buddy\1.9.16\byte-buddy-1.9.16.jar;F:\mavenrepo\repository\net\bytebuddy\byte-buddy-agent\1.9.16\byte-buddy-agent-1.9.16.jar;F:\mavenrepo\repository\org\objenesis\objenesis\2.6\objenesis-2.6.jar;F:\mavenrepo\repository\org\hamcrest\hamcrest-core\1.3\hamcrest-core-1.3.jar;F:\mavenrepo\repository\org\hamcrest\hamcrest-library\1.3\hamcrest-library-1.3.jar;F:\mavenrepo\repository\org\skyscreamer\jsonassert\1.5.0\jsonassert-1.5.0.jar;F:\mavenrepo\repository\com\vaadin\external\google\android-json\0.0.20131108.vaadin1\android-json-0.0.20131108.vaadin1.jar;F:\mavenrepo\repository\org\springframework\spring-core\5.1.11.RELEASE\spring-core-5.1.11.RELEASE.jar;F:\mavenrepo\repository\org\springframework\spring-jcl\5.1.11.RELEASE\spring-jcl-5.1.11.RELEASE.jar;F:\mavenrepo\repository\org\springframework\spring-test\5.1.11.RELEASE\spring-test-5.1.11.RELEASE.jar;F:\mavenrepo\repository\org\xmlunit\xmlunit-core\2.6.3\xmlunit-core-2.6.3.jar;F:\mavenrepo\repository\org\springframework\cloud\spring-cloud-context\2.1.4.RELEASE\spring-cloud-context-2.1.4.RELEASE.jar;F:\mavenrepo\repository\org\springframework\security\spring-security-crypto\5.1.7.RELEASE\spring-security-crypto-5.1.7.RELEASE.jar;F:\mavenrepo\repository\com\alibaba\druid\1.1.12\druid-1.1.12.jar;F:\mavenrepo\repository\mysql\mysql-connector-java\8.0.13\mysql-connector-java-8.0.13.jar;F:\mavenrepo\repository\org\apache\commons\commons-lang3\3.4\commons-lang3-3.4.jar;F:\mavenrepo\repository\com\baomidou\mybatis-plus\3.3.0\mybatis-plus-3.3.0.jar;F:\mavenrepo\repository\com\baomidou\mybatis-plus-extension\3.3.0\mybatis-plus-extension-3.3.0.jar;F:\mavenrepo\repository\com\baomidou\mybatis-plus-core\3.3.0\mybatis-plus-core-3.3.0.jar;F:\mavenrepo\repository\com\baomidou\mybatis-plus-annotation\3.3.0\mybatis-plus-annotation-3.3.0.jar;F:\mavenrepo\repository\com\github\jsqlparser\jsqlparser\3.1\jsqlparser-3.1.jar;F:\mavenrepo\repository\org\mybatis\mybatis\3.5.3\mybatis-3.5.3.jar;F:\mavenrepo\repository\org\mybatis\mybatis-spring\2.0.3\mybatis-spring-2.0.3.jar;F:\mavenrepo\repository\com\spring4all\swagger-spring-boot-starter\1.7.0.RELEASE\swagger-spring-boot-starter-1.7.0.RELEASE.jar;F:\mavenrepo\repository\io\springfox\springfox-swagger-ui\2.8.0\springfox-swagger-ui-2.8.0.jar;F:\mavenrepo\repository\io\springfox\springfox-spring-web\2.8.0\springfox-spring-web-2.8.0.jar;F:\mavenrepo\repository\org\reflections\reflections\0.9.11\reflections-0.9.11.jar;F:\mavenrepo\repository\org\javassist\javassist\3.21.0-GA\javassist-3.21.0-GA.jar;F:\mavenrepo\repository\io\springfox\springfox-swagger2\2.8.0\springfox-swagger2-2.8.0.jar;F:\mavenrepo\repository\io\swagger\swagger-annotations\1.5.14\swagger-annotations-1.5.14.jar;F:\mavenrepo\repository\io\swagger\swagger-models\1.5.14\swagger-models-1.5.14.jar;F:\mavenrepo\repository\io\springfox\springfox-spi\2.8.0\springfox-spi-2.8.0.jar;F:\mavenrepo\repository\io\springfox\springfox-core\2.8.0\springfox-core-2.8.0.jar;F:\mavenrepo\repository\io\springfox\springfox-schema\2.8.0\springfox-schema-2.8.0.jar;F:\mavenrepo\repository\io\springfox\springfox-swagger-common\2.8.0\springfox-swagger-common-2.8.0.jar;F:\mavenrepo\repository\com\google\guava\guava\20.0\guava-20.0.jar;F:\mavenrepo\repository\org\springframework\plugin\spring-plugin-core\1.2.0.RELEASE\spring-plugin-core-1.2.0.RELEASE.jar;F:\mavenrepo\repository\org\springframework\plugin\spring-plugin-metadata\1.2.0.RELEASE\spring-plugin-metadata-1.2.0.RELEASE.jar;F:\mavenrepo\repository\org\mapstruct\mapstruct\1.2.0.Final\mapstruct-1.2.0.Final.jar;F:\mavenrepo\repository\io\springfox\springfox-bean-validators\2.8.0\springfox-bean-validators-2.8.0.jar;F:\mavenrepo\repository\org\apache\velocity\velocity\1.7\velocity-1.7.jar;F:\mavenrepo\repository\commons-collections\commons-collections\3.2.1\commons-collections-3.2.1.jar;F:\mavenrepo\repository\commons-lang\commons-lang\2.4\commons-lang-2.4.jar;F:\mavenrepo\repository\org\freemarker\freemarker\2.3.28\freemarker-2.3.28.jar;F:\mavenrepo\repository\org\projectlombok\lombok\1.18.4\lombok-1.18.4.jar;F:\mavenrepo\repository\org\springframework\boot\spring-boot-starter\2.1.10.RELEASE\spring-boot-starter-2.1.10.RELEASE.jar;F:\mavenrepo\repository\org\springframework\boot\spring-boot\2.1.10.RELEASE\spring-boot-2.1.10.RELEASE.jar;F:\mavenrepo\repository\org\springframework\boot\spring-boot-autoconfigure\2.1.10.RELEASE\spring-boot-autoconfigure-2.1.10.RELEASE.jar;F:\mavenrepo\repository\org\springframework\boot\spring-boot-starter-logging\2.1.10.RELEASE\spring-boot-starter-logging-2.1.10.RELEASE.jar;F:\mavenrepo\repository\ch\qos\logback\logback-classic\1.2.3\logback-classic-1.2.3.jar;F:\mavenrepo\repository\ch\qos\logback\logback-core\1.2.3\logback-core-1.2.3.jar;F:\mavenrepo\repository\org\apache\logging\log4j\log4j-to-slf4j\2.11.2\log4j-to-slf4j-2.11.2.jar;F:\mavenrepo\repository\org\apache\logging\log4j\log4j-api\2.11.2\log4j-api-2.11.2.jar;F:\mavenrepo\repository\org\slf4j\jul-to-slf4j\1.7.29\jul-to-slf4j-1.7.29.jar;F:\mavenrepo\repository\javax\annotation\javax.annotation-api\1.3.2\javax.annotation-api-1.3.2.jar;F:\mavenrepo\repository\org\yaml\snakeyaml\1.23\snakeyaml-1.23.jar;"/>
    <property name="sun.cpu.endian" value="little"/>
    <property name="user.home" value="C:\Users\95489"/>
    <property name="user.language" value="zh"/>
    <property name="java.specification.vendor" value="Oracle Corporation"/>
    <property name="java.home" value="D:\jdk1.8.0_51\jre"/>
    <property name="basedir" value="E:\IdeaProject\springCloud\microservice-cloud-05-eureka-6001"/>
    <property name="file.separator" value="\"/>
    <property name="line.separator" value="&#10;"/>
    <property name="java.vm.specification.vendor" value="Oracle Corporation"/>
    <property name="java.specification.name" value="Java Platform API Specification"/>
    <property name="java.awt.graphicsenv" value="sun.awt.Win32GraphicsEnvironment"/>
    <property name="surefire.real.class.path" value="C:\Users\95489\AppData\Local\Temp\surefire766016543366978841\surefirebooter4479824057229823847.jar"/>
    <property name="sun.boot.class.path" value="D:\jdk1.8.0_51\jre\lib\resources.jar;D:\jdk1.8.0_51\jre\lib\rt.jar;D:\jdk1.8.0_51\jre\lib\sunrsasign.jar;D:\jdk1.8.0_51\jre\lib\jsse.jar;D:\jdk1.8.0_51\jre\lib\jce.jar;D:\jdk1.8.0_51\jre\lib\charsets.jar;D:\jdk1.8.0_51\jre\lib\jfr.jar;D:\jdk1.8.0_51\jre\classes"/>
    <property name="user.script" value=""/>
    <property name="sun.management.compiler" value="HotSpot 64-Bit Tiered Compilers"/>
    <property name="java.runtime.version" value="1.8.0_51-b16"/>
    <property name="user.name" value="95489"/>
    <property name="path.separator" value=";"/>
    <property name="os.version" value="6.3"/>
    <property name="java.endorsed.dirs" value="D:\jdk1.8.0_51\jre\lib\endorsed"/>
    <property name="java.runtime.name" value="Java(TM) SE Runtime Environment"/>
    <property name="file.encoding" value="GBK"/>
    <property name="java.vm.name" value="Java HotSpot(TM) 64-Bit Server VM"/>
    <property name="localRepository" value="F:\mavenrepo\repository"/>
    <property name="java.vendor.url.bug" value="http://bugreport.sun.com/bugreport/"/>
    <property name="java.io.tmpdir" value="C:\Users\95489\AppData\Local\Temp\"/>
    <property name="idea.version" value="2018.1.3"/>
    <property name="java.version" value="1.8.0_51"/>
    <property name="user.dir" value="E:\IdeaProject\springCloud\microservice-cloud-05-eureka-6001"/>
    <property name="os.arch" value="amd64"/>
    <property name="java.vm.specification.name" value="Java Virtual Machine Specification"/>
    <property name="java.awt.printerjob" value="sun.awt.windows.WPrinterJob"/>
    <property name="sun.os.patch.level" value=""/>
    <property name="java.library.path" value="D:\jdk1.8.0_51\jre\bin;C:\WINDOWS\Sun\Java\bin;C:\WINDOWS\system32;C:\WINDOWS;D:\Program Files (x86)\NetSarang\Xshell 6\;C:\Program Files (x86)\Intel\Intel(R) Management Engine Components\iCLS\;C:\Program Files\Intel\Intel(R) Management Engine Components\iCLS\;C:\WINDOWS\system32;C:\WINDOWS;C:\WINDOWS\System32\Wbem;C:\WINDOWS\System32\WindowsPowerShell\v1.0\;C:\WINDOWS\System32\OpenSSH\;C:\Program Files (x86)\Intel\Intel(R) Management Engine Components\DAL;C:\Program Files\Intel\Intel(R) Management Engine Components\DAL;D:\jdk1.8.0_51\bin;.;D:\jdk1.8.0_51\lib;D:\jdk1.8.0_51\lib\tool.jar;F:\devTool\apache-maven-3.6.1\bin;C:\Program Files\TortoiseSVN\bin;D:\Program Files\Git\cmd;D:\Program Files\nodejs;D:\Program Files\nodejs\node_global;C:\Program Files\RabbitMQ Server\rabbitmq_server-3.8.1\sbin;C:\Program Files\nodejs\;C:\Users\95489\AppData\Local\Microsoft\WindowsApps;;E:\DevTools\Microsoft VS Code\bin;C:\Users\95489\AppData\Roaming\npm;."/>
    <property name="java.vm.info" value="mixed mode"/>
    <property name="java.vendor" value="Oracle Corporation"/>
    <property name="java.vm.version" value="25.51-b03"/>
    <property name="java.ext.dirs" value="D:\jdk1.8.0_51\jre\lib\ext;C:\WINDOWS\Sun\Java\lib\ext"/>
    <property name="sun.io.unicode.encoding" value="UnicodeLittle"/>
    <property name="java.class.version" value="52.0"/>
  </properties>
  <testcase name="initializationError" classname="com.laozhu.MicroserviceCloud05Eureka6001ApplicationTests" time="0.003">
    <error message="The class com.laozhu.MicroserviceCloud05Eureka6001ApplicationTests is not public." type="java.lang.Exception">java.lang.Exception: The class com.laozhu.MicroserviceCloud05Eureka6001ApplicationTests is not public.
</error>
  </testcase>
  <testcase name="initializationError" classname="com.laozhu.MicroserviceCloud05Eureka6001ApplicationTests" time="0">
    <error message="Test class should have exactly one public constructor" type="java.lang.Exception">java.lang.Exception: Test class should have exactly one public constructor
</error>
  </testcase>
  <testcase name="initializationError" classname="com.laozhu.MicroserviceCloud05Eureka6001ApplicationTests" time="0">
    <error message="Method contextLoads() should be public" type="java.lang.Exception">java.lang.Exception: Method contextLoads() should be public
</error>
  </testcase>
</testsuite>